<?xml version="1.0" encoding="UTF-8"?>
<coverage generated="1727256961155" clover="3.2.0">
  <project timestamp="1727256961156" name="All files">
    <metrics statements="48" coveredstatements="46" conditionals="9" coveredconditionals="8" methods="15" coveredmethods="15" elements="72" coveredelements="69" complexity="0" loc="48" ncloc="48" packages="1" files="1" classes="1"/>
    <file name="index.ts" path="E:\Working\Bartosz\AIROW-test-task\src\index.ts">
      <metrics statements="48" coveredstatements="46" conditionals="9" coveredconditionals="8" methods="15" coveredmethods="15"/>
      <line num="10" count="1" type="stmt"/>
      <line num="11" count="4" type="stmt"/>
      <line num="12" count="4" type="stmt"/>
      <line num="13" count="4" type="stmt"/>
      <line num="17" count="3" type="stmt"/>
      <line num="22" count="4" type="stmt"/>
      <line num="27" count="4" type="stmt"/>
      <line num="32" count="4" type="cond" truecount="1" falsecount="0"/>
      <line num="33" count="1" type="stmt"/>
      <line num="36" count="3" type="stmt"/>
      <line num="45" count="3" type="stmt"/>
      <line num="47" count="3" type="stmt"/>
      <line num="48" count="6" type="cond" truecount="2" falsecount="0"/>
      <line num="49" count="6" type="stmt"/>
      <line num="57" count="3" type="stmt"/>
      <line num="65" count="3" type="stmt"/>
      <line num="66" count="3" type="stmt"/>
      <line num="67" count="16" type="stmt"/>
      <line num="71" count="3" type="stmt"/>
      <line num="72" count="4" type="stmt"/>
      <line num="75" count="4" type="cond" truecount="0" falsecount="1"/>
      <line num="76" count="0" type="stmt"/>
      <line num="77" count="0" type="stmt"/>
      <line num="80" count="4" type="stmt"/>
      <line num="81" count="8" type="stmt"/>
      <line num="82" count="8" type="stmt"/>
      <line num="83" count="8" type="stmt"/>
      <line num="87" count="7" type="cond" truecount="1" falsecount="0"/>
      <line num="88" count="1" type="stmt"/>
      <line num="89" count="1" type="stmt"/>
      <line num="92" count="3" type="stmt"/>
      <line num="95" count="3" type="stmt"/>
      <line num="97" count="3" type="stmt"/>
      <line num="98" count="185" type="stmt"/>
      <line num="104" count="3" type="stmt"/>
      <line num="107" count="3" type="stmt"/>
      <line num="112" count="8" type="stmt"/>
      <line num="113" count="52" type="cond" truecount="2" falsecount="0"/>
      <line num="114" count="52" type="cond" truecount="2" falsecount="0"/>
      <line num="119" count="3" type="stmt"/>
      <line num="121" count="3" type="stmt"/>
      <line num="122" count="37" type="stmt"/>
      <line num="123" count="37" type="stmt"/>
      <line num="124" count="37" type="stmt"/>
      <line num="126" count="37" type="stmt"/>
      <line num="127" count="185" type="stmt"/>
      <line num="128" count="185" type="stmt"/>
      <line num="132" count="3" type="stmt"/>
    </file>
  </project>
</coverage>
