{"E:\\Working\\Bartosz\\AIROW-test-task\\src\\index.ts": {"path":"E:\\Working\\Bartosz\\AIROW-test-task\\src\\index.ts","statementMap":{"0":{"start":{"line":11,"column":10},"end":{"line":11,"column":49}},"1":{"start":{"line":12,"column":10},"end":{"line":12,"column":41}},"2":{"start":{"line":13,"column":10},"end":{"line":13,"column":35}},"3":{"start":{"line":17,"column":4},"end":{"line":17,"column":28}},"4":{"start":{"line":22,"column":4},"end":{"line":22,"column":28}},"5":{"start":{"line":27,"column":4},"end":{"line":27,"column":25}},"6":{"start":{"line":32,"column":4},"end":{"line":34,"column":5}},"7":{"start":{"line":33,"column":6},"end":{"line":33,"column":50}},"8":{"start":{"line":36,"column":29},"end":{"line":43,"column":6}},"9":{"start":{"line":45,"column":29},"end":{"line":45,"column":59}},"10":{"start":{"line":47,"column":33},"end":{"line":55,"column":6}},"11":{"start":{"line":48,"column":34},"end":{"line":48,"column":63}},"12":{"start":{"line":49,"column":6},"end":{"line":54,"column":8}},"13":{"start":{"line":57,"column":4},"end":{"line":60,"column":6}},"14":{"start":{"line":65,"column":59},"end":{"line":65,"column":61}},"15":{"start":{"line":66,"column":32},"end":{"line":67,"column":null}},"16":{"start":{"line":67,"column":18},"end":{"line":67,"column":47}},"17":{"start":{"line":71,"column":4},"end":{"line":105,"column":5}},"18":{"start":{"line":71,"column":17},"end":{"line":71,"column":18}},"19":{"start":{"line":72,"column":28},"end":{"line":72,"column":63}},"20":{"start":{"line":75,"column":6},"end":{"line":78,"column":7}},"21":{"start":{"line":76,"column":8},"end":{"line":76,"column":34}},"22":{"start":{"line":77,"column":8},"end":{"line":77,"column":17}},"23":{"start":{"line":80,"column":25},"end":{"line":84,"column":8}},"24":{"start":{"line":81,"column":21},"end":{"line":81,"column":43}},"25":{"start":{"line":82,"column":28},"end":{"line":82,"column":57}},"26":{"start":{"line":83,"column":8},"end":{"line":83,"column":27}},"27":{"start":{"line":87,"column":6},"end":{"line":90,"column":7}},"28":{"start":{"line":87,"column":35},"end":{"line":87,"column":51}},"29":{"start":{"line":88,"column":8},"end":{"line":88,"column":34}},"30":{"start":{"line":89,"column":8},"end":{"line":89,"column":17}},"31":{"start":{"line":92,"column":27},"end":{"line":92,"column":44}},"32":{"start":{"line":95,"column":31},"end":{"line":95,"column":74}},"33":{"start":{"line":97,"column":59},"end":{"line":101,"column":null}},"34":{"start":{"line":98,"column":24},"end":{"line":101,"column":10}},"35":{"start":{"line":104,"column":6},"end":{"line":104,"column":46}},"36":{"start":{"line":107,"column":4},"end":{"line":107,"column":28}},"37":{"start":{"line":112,"column":4},"end":{"line":114,"column":75}},"38":{"start":{"line":113,"column":23},"end":{"line":113,"column":62}},"39":{"start":{"line":114,"column":42},"end":{"line":114,"column":73}},"40":{"start":{"line":119,"column":39},"end":{"line":119,"column":41}},"41":{"start":{"line":121,"column":4},"end":{"line":130,"column":5}},"42":{"start":{"line":121,"column":17},"end":{"line":121,"column":18}},"43":{"start":{"line":122,"column":25},"end":{"line":122,"column":32}},"44":{"start":{"line":123,"column":23},"end":{"line":123,"column":34}},"45":{"start":{"line":124,"column":19},"end":{"line":124,"column":46}},"46":{"start":{"line":126,"column":6},"end":{"line":129,"column":7}},"47":{"start":{"line":126,"column":19},"end":{"line":126,"column":20}},"48":{"start":{"line":127,"column":34},"end":{"line":127,"column":55}},"49":{"start":{"line":128,"column":8},"end":{"line":128,"column":61}},"50":{"start":{"line":132,"column":4},"end":{"line":132,"column":28}},"51":{"start":{"line":10,"column":0},"end":{"line":10,"column":13}}},"fnMap":{"0":{"name":"(anonymous_0)","decl":{"start":{"line":10,"column":0},"end":{"line":10,"column":13}},"loc":{"start":{"line":10,"column":0},"end":{"line":134,"column":1}}},"1":{"name":"(anonymous_1)","decl":{"start":{"line":16,"column":2},"end":{"line":16,"column":17}},"loc":{"start":{"line":16,"column":35},"end":{"line":18,"column":3}}},"2":{"name":"(anonymous_2)","decl":{"start":{"line":21,"column":2},"end":{"line":21,"column":17}},"loc":{"start":{"line":21,"column":36},"end":{"line":23,"column":3}}},"3":{"name":"(anonymous_3)","decl":{"start":{"line":26,"column":2},"end":{"line":26,"column":14}},"loc":{"start":{"line":26,"column":30},"end":{"line":28,"column":3}}},"4":{"name":"(anonymous_4)","decl":{"start":{"line":31,"column":2},"end":{"line":31,"column":9}},"loc":{"start":{"line":31,"column":9},"end":{"line":61,"column":3}}},"5":{"name":"(anonymous_5)","decl":{"start":{"line":47,"column":51},"end":{"line":47,"column":52}},"loc":{"start":{"line":47,"column":66},"end":{"line":55,"column":5}}},"6":{"name":"(anonymous_6)","decl":{"start":{"line":64,"column":10},"end":{"line":64,"column":33}},"loc":{"start":{"line":64,"column":33},"end":{"line":108,"column":3}}},"7":{"name":"(anonymous_7)","decl":{"start":{"line":67,"column":6},"end":{"line":67,"column":7}},"loc":{"start":{"line":67,"column":18},"end":{"line":67,"column":47}}},"8":{"name":"(anonymous_8)","decl":{"start":{"line":80,"column":43},"end":{"line":80,"column":44}},"loc":{"start":{"line":80,"column":54},"end":{"line":84,"column":7}}},"9":{"name":"(anonymous_9)","decl":{"start":{"line":87,"column":26},"end":{"line":87,"column":27}},"loc":{"start":{"line":87,"column":35},"end":{"line":87,"column":51}}},"10":{"name":"(anonymous_10)","decl":{"start":{"line":98,"column":8},"end":{"line":98,"column":9}},"loc":{"start":{"line":98,"column":24},"end":{"line":101,"column":10}}},"11":{"name":"(anonymous_11)","decl":{"start":{"line":111,"column":10},"end":{"line":111,"column":28}},"loc":{"start":{"line":111,"column":43},"end":{"line":115,"column":3}}},"12":{"name":"(anonymous_12)","decl":{"start":{"line":113,"column":11},"end":{"line":113,"column":12}},"loc":{"start":{"line":113,"column":23},"end":{"line":113,"column":62}}},"13":{"name":"(anonymous_13)","decl":{"start":{"line":114,"column":14},"end":{"line":114,"column":15}},"loc":{"start":{"line":114,"column":42},"end":{"line":114,"column":73}}},"14":{"name":"(anonymous_14)","decl":{"start":{"line":118,"column":10},"end":{"line":118,"column":34}},"loc":{"start":{"line":118,"column":49},"end":{"line":133,"column":3}}}},"branchMap":{"0":{"loc":{"start":{"line":32,"column":4},"end":{"line":34,"column":5}},"type":"if","locations":[{"start":{"line":32,"column":4},"end":{"line":34,"column":5}}]},"1":{"loc":{"start":{"line":48,"column":34},"end":{"line":48,"column":63}},"type":"binary-expr","locations":[{"start":{"line":48,"column":34},"end":{"line":48,"column":57}},{"start":{"line":48,"column":61},"end":{"line":48,"column":63}}]},"2":{"loc":{"start":{"line":75,"column":6},"end":{"line":78,"column":7}},"type":"if","locations":[{"start":{"line":75,"column":6},"end":{"line":78,"column":7}}]},"3":{"loc":{"start":{"line":87,"column":6},"end":{"line":90,"column":7}},"type":"if","locations":[{"start":{"line":87,"column":6},"end":{"line":90,"column":7}}]},"4":{"loc":{"start":{"line":113,"column":23},"end":{"line":113,"column":62}},"type":"cond-expr","locations":[{"start":{"line":113,"column":42},"end":{"line":113,"column":46}},{"start":{"line":113,"column":49},"end":{"line":113,"column":62}}]},"5":{"loc":{"start":{"line":114,"column":42},"end":{"line":114,"column":73}},"type":"binary-expr","locations":[{"start":{"line":114,"column":42},"end":{"line":114,"column":56}},{"start":{"line":114,"column":60},"end":{"line":114,"column":73}}]}},"s":{"0":4,"1":4,"2":4,"3":3,"4":4,"5":4,"6":4,"7":1,"8":3,"9":3,"10":3,"11":6,"12":6,"13":3,"14":3,"15":3,"16":16,"17":3,"18":3,"19":4,"20":4,"21":0,"22":0,"23":4,"24":8,"25":8,"26":8,"27":4,"28":7,"29":1,"30":1,"31":3,"32":3,"33":3,"34":185,"35":3,"36":3,"37":8,"38":52,"39":52,"40":3,"41":3,"42":3,"43":37,"44":37,"45":37,"46":37,"47":37,"48":185,"49":185,"50":3,"51":1},"f":{"0":4,"1":3,"2":4,"3":4,"4":4,"5":6,"6":3,"7":16,"8":8,"9":7,"10":185,"11":8,"12":52,"13":52,"14":3},"b":{"0":[1],"1":[6,2],"2":[0],"3":[1],"4":[2,50],"5":[52,50]}}
}
