TN:
SF:src\index.ts
FN:10,(anonymous_0)
FN:16,(anonymous_1)
FN:21,(anonymous_2)
FN:26,(anonymous_3)
FN:31,(anonymous_4)
FN:47,(anonymous_5)
FN:64,(anonymous_6)
FN:67,(anonymous_7)
FN:80,(anonymous_8)
FN:87,(anonymous_9)
FN:98,(anonymous_10)
FN:111,(anonymous_11)
FN:113,(anonymous_12)
FN:114,(anonymous_13)
FN:118,(anonymous_14)
FNF:15
FNH:15
FNDA:4,(anonymous_0)
FNDA:3,(anonymous_1)
FNDA:4,(anonymous_2)
FNDA:4,(anonymous_3)
FNDA:4,(anonymous_4)
FNDA:6,(anonymous_5)
FNDA:3,(anonymous_6)
FNDA:16,(anonymous_7)
FNDA:8,(anonymous_8)
FNDA:7,(anonymous_9)
FNDA:185,(anonymous_10)
FNDA:8,(anonymous_11)
FNDA:52,(anonymous_12)
FNDA:52,(anonymous_13)
FNDA:3,(anonymous_14)
DA:10,1
DA:11,4
DA:12,4
DA:13,4
DA:17,3
DA:22,4
DA:27,4
DA:32,4
DA:33,1
DA:36,3
DA:45,3
DA:47,3
DA:48,6
DA:49,6
DA:57,3
DA:65,3
DA:66,3
DA:67,16
DA:71,3
DA:72,4
DA:75,4
DA:76,0
DA:77,0
DA:80,4
DA:81,8
DA:82,8
DA:83,8
DA:87,7
DA:88,1
DA:89,1
DA:92,3
DA:95,3
DA:97,3
DA:98,185
DA:104,3
DA:107,3
DA:112,8
DA:113,52
DA:114,52
DA:119,3
DA:121,3
DA:122,37
DA:123,37
DA:124,37
DA:126,37
DA:127,185
DA:128,185
DA:132,3
LF:48
LH:46
BRDA:32,0,0,1
BRDA:48,1,0,6
BRDA:48,1,1,2
BRDA:75,2,0,0
BRDA:87,3,0,1
BRDA:113,4,0,2
BRDA:113,4,1,50
BRDA:114,5,0,52
BRDA:114,5,1,50
BRF:9
BRH:8
end_of_record
